<?xml version="1.0" encoding="UTF-8"?>
<testng-results skipped="0" failed="0" total="1" passed="1">
  <reporter-output>
  </reporter-output>
  <suite name="Default suite" duration-ms="160828" started-at="2018-01-12T05:40:58Z" finished-at="2018-01-12T05:43:38Z">
    <groups>
    </groups>
    <test name="Default test" duration-ms="160828" started-at="2018-01-12T05:40:58Z" finished-at="2018-01-12T05:43:38Z">
      <class name="com.incture.proj.testNg.StorageLocationFlow">
        <test-method status="PASS" signature="beforeMethod()[pri:0, instance:com.incture.proj.testNg.StorageLocationFlow@548e7350]" name="beforeMethod" is-config="true" duration-ms="15853" started-at="2018-01-12T11:10:58Z" finished-at="2018-01-12T11:11:14Z">
          <reporter-output>
          </reporter-output>
        </test-method> <!-- beforeMethod -->
        <test-method status="PASS" signature="test1()[pri:0, instance:com.incture.proj.testNg.StorageLocationFlow@548e7350]" name="test1" duration-ms="144604" started-at="2018-01-12T11:11:14Z" finished-at="2018-01-12T11:13:38Z">
          <reporter-output>
          </reporter-output>
        </test-method> <!-- test1 -->
      </class> <!-- com.incture.proj.testNg.StorageLocationFlow -->
    </test> <!-- Default test -->
  </suite> <!-- Default suite -->
</testng-results>
